{"message":"Successfully connected to MongoDB ...","level":"info","service":"myAwesomeApp"}
{"module":"connectDB","message":"Successfully connected to MongoDB ...","level":"info","service":"myAwesomeApp"}
{"module":"connectDB","message":"Successfully connected to MongoDB ...","level":"info","service":"myAwesomeApp"}
{"module":"connectDB","message":"Successfully connected to MongoDB ...","level":"info","service":"myAwesomeApp"}
{"module":"connectDB","message":"Successfully connected to MongoDB ...","level":"info","service":"myAwesomeApp"}
{"module":"connectDB","message":"Successfully connected to MongoDB ...","level":"info","service":"myAwesomeApp"}
{"message":"test","level":"info","service":"myAwesomeApp"}
{"module":"connectDB","message":"Successfully connected to MongoDB ...","level":"info","service":"myAwesomeApp"}
{"message":"development","level":"info","service":"myAwesomeApp"}
{"module":"connectDB","message":"Successfully connected to MongoDB ...","level":"info","service":"myAwesomeApp"}
{"message":"development","level":"info","service":"myAwesomeApp"}
{"message":"development","level":"warn","service":"myAwesomeApp"}
{"module":"connectDB","message":"Successfully connected to MongoDB ...","level":"info","service":"myAwesomeApp"}
{"message":"development","level":"info","service":"myAwesomeApp"}
{"message":"development","level":"warn","service":"myAwesomeApp"}
{"module":"connectDB","message":"Successfully connected to MongoDB ...","level":"info","service":"myAwesomeApp"}
{"module":"expressApp","message":"development","level":"info","service":"myAwesomeApp"}
{"module":"expressApp","message":"development","level":"warn","service":"myAwesomeApp"}
{"module":"connectDB","message":"Successfully connected to MongoDB ...","level":"info","service":"myAwesomeApp"}
{"module":"expressApp","message":"development","level":"info","service":"myAwesomeApp"}
{"module":"expressApp","message":"development","level":"warn","service":"myAwesomeApp"}
{"module":"connectDB","message":"Successfully connected to MongoDB ...","level":"info","service":"myAwesomeApp"}
{"module":"expressApp","message":"development","level":"info","service":"myAwesomeApp"}
{"module":"expressApp","message":"development","level":"warn","service":"myAwesomeApp"}
{"module":"connectDB","message":"Successfully connected to MongoDB ...","level":"info","service":"myAwesomeApp"}
{"module":"expressApp","message":"The running environment is: development","level":"info","service":"myAwesomeApp"}
{"module":"expressApp","message":"The running environment is: development","level":"warn","service":"myAwesomeApp"}
{"module":"connectDB","message":"Successfully connected to MongoDB ...","level":"info","service":"myAwesomeApp"}
{"module":"connectDB","message":"jwt key: mf1zvgsgc44qnhan1li6wrgxjqqk0s","level":"info","service":"myAwesomeApp"}
{"module":"expressApp","message":"The running environment is: development","level":"info","service":"myAwesomeApp"}
{"module":"expressApp","message":"The running environment is: development","level":"warn","service":"myAwesomeApp"}
{"module":"connectDB","message":"Successfully connected to MongoDB ...","level":"info","service":"myAwesomeApp"}
{"module":"connectDB","message":"jwt key: igd7kigpoemiz30s30pn6q4ncbh5s0","level":"info","service":"myAwesomeApp"}
{"module":"expressApp","message":"The running environment is: development","level":"info","service":"myAwesomeApp"}
{"module":"expressApp","message":"The running environment is: development","level":"warn","service":"myAwesomeApp"}
{"module":"connectDB","message":"Successfully connected to MongoDB ...","level":"info","service":"myAwesomeApp"}
{"module":"connectDB","message":"jwt key: igd7kigpoemiz30s30pn6q4ncbh5s0","level":"info","service":"myAwesomeApp"}
{"module":"expressApp","message":"The running environment is: development","level":"info","service":"myAwesomeApp"}
{"module":"expressApp","message":"The running environment is: development","level":"warn","service":"myAwesomeApp"}
{"module":"connectDB","message":"Successfully connected to MongoDB ...","level":"info","service":"myAwesomeApp"}
{"module":"connectDB","message":"jwt key: igd7kigpoemiz30s30pn6q4ncbh5s0","level":"info","service":"myAwesomeApp"}
{"module":"expressApp","message":"The running environment is: development","level":"info","service":"myAwesomeApp"}
{"module":"expressApp","message":"The running environment is: development","level":"warn","service":"myAwesomeApp"}
{"module":"connectDB","message":"Successfully connected to MongoDB ...","level":"info","service":"myAwesomeApp"}
{"module":"connectDB","message":"jwt key: igd7kigpoemiz30s30pn6q4ncbh5s0","level":"info","service":"myAwesomeApp"}
{"module":"expressApp","message":"The running environment is: development","level":"info","service":"myAwesomeApp"}
{"module":"expressApp","message":"The running environment is: development","level":"warn","service":"myAwesomeApp"}
{"module":"connectDB","message":"Successfully connected to MongoDB ...","level":"info","service":"myAwesomeApp"}
{"module":"connectDB","message":"jwt key: igd7kigpoemiz30s30pn6q4ncbh5s0","level":"info","service":"myAwesomeApp"}
{"module":"expressApp","message":"The running environment is: development","level":"info","service":"myAwesomeApp"}
{"module":"expressApp","message":"The running environment is: development","level":"warn","service":"myAwesomeApp"}
{"module":"connectDB","message":"Successfully connected to MongoDB ...","level":"info","service":"myAwesomeApp"}
{"module":"expressApp","message":{"_readableState":{"objectMode":false,"highWaterMark":16384,"buffer":{"head":null,"tail":null,"length":0},"length":0,"pipes":[],"flowing":true,"ended":true,"endEmitted":true,"reading":false,"sync":false,"needReadable":false,"emittedReadable":false,"readableListening":false,"resumeScheduled":false,"errorEmitted":false,"emitClose":true,"autoDestroy":false,"destroyed":false,"errored":null,"closed":false,"closeEmitted":false,"defaultEncoding":"utf8","awaitDrainWriters":null,"multiAwaitDrain":false,"readingMore":false,"decoder":null,"encoding":null},"_events":{},"_eventsCount":1,"socket":{"connecting":false,"_hadError":false,"_parent":null,"_host":null,"_readableState":{"objectMode":false,"highWaterMark":16384,"buffer":{"head":null,"tail":null,"length":0},"length":0,"pipes":[],"flowing":true,"ended":false,"endEmitted":false,"reading":true,"sync":false,"needReadable":true,"emittedReadable":false,"readableListening":false,"resumeScheduled":false,"errorEmitted":false,"emitClose":false,"autoDestroy":false,"destroyed":false,"errored":null,"closed":false,"closeEmitted":false,"defaultEncoding":"utf8","awaitDrainWriters":null,"multiAwaitDrain":false,"readingMore":false,"decoder":null,"encoding":null},"_events":{"end":[null,null],"error":[null,null],"close":[null,null,null]},"_eventsCount":8,"_writableState":{"objectMode":false,"highWaterMark":16384,"finalCalled":false,"needDrain":false,"ending":false,"ended":false,"finished":false,"destroyed":false,"decodeStrings":false,"defaultEncoding":"utf8","length":0,"writing":false,"corked":0,"sync":true,"bufferProcessing":false,"writecb":null,"writelen":0,"afterWriteTickInfo":null,"buffered":[],"bufferedIndex":0,"allBuffers":true,"allNoop":true,"pendingcb":0,"prefinished":false,"errorEmitted":false,"emitClose":false,"autoDestroy":false,"errored":null,"closed":false,"closeEmitted":false},"allowHalfOpen":true,"_sockname":null,"_pendingData":null,"_pendingEncoding":"","server":{"_events":{},"_eventsCount":2,"_connections":2,"_handle":{"reading":false},"_usingWorkers":false,"_workers":[],"_unref":false,"allowHalfOpen":true,"pauseOnConnect":false,"httpAllowHalfOpen":false,"timeout":0,"keepAliveTimeout":5000,"maxHeadersCount":null,"headersTimeout":60000,"requestTimeout":0,"_connectionKey":"6::::3030"},"_server":{"_events":{},"_eventsCount":2,"_connections":2,"_handle":{"reading":false},"_usingWorkers":false,"_workers":[],"_unref":false,"allowHalfOpen":true,"pauseOnConnect":false,"httpAllowHalfOpen":false,"timeout":0,"keepAliveTimeout":5000,"maxHeadersCount":null,"headersTimeout":60000,"requestTimeout":0,"_connectionKey":"6::::3030"},"parser":{"_headers":[],"_url":"","socket":"[Circular]","incoming":"[Circular]","outgoing":null,"maxHeaderPairs":2000,"_consumed":true},"_paused":false,"_httpMessage":{"_events":{"finish":[null,null]},"_eventsCount":2,"outputData":[],"outputSize":0,"writable":true,"destroyed":false,"_last":false,"chunkedEncoding":false,"shouldKeepAlive":true,"_defaultKeepAlive":true,"useChunkedEncodingByDefault":true,"sendDate":true,"_removedConnection":false,"_removedContLen":false,"_removedTE":false,"_contentLength":null,"_hasBody":true,"_trailer":"","finished":false,"_headerSent":false,"socket":"[Circular]","_header":null,"_keepAliveTimeout":5000,"_sent100":false,"_expect_continue":false,"req":"[Circular]","locals":{}},"_peername":{"address":"::1","family":"IPv6","port":61009}},"httpVersionMajor":1,"httpVersionMinor":1,"httpVersion":"1.1","complete":true,"headers":{"content-type":"application/json","user-agent":"PostmanRuntime/7.26.10","accept":"*/*","cache-control":"no-cache","postman-token":"28e5ed1b-547a-4243-b45a-a964b36f41ed","host":"localhost:3030","accept-encoding":"gzip, deflate, br","connection":"keep-alive","content-length":"64"},"rawHeaders":["Content-Type","application/json","User-Agent","PostmanRuntime/7.26.10","Accept","*/*","Cache-Control","no-cache","Postman-Token","28e5ed1b-547a-4243-b45a-a964b36f41ed","Host","localhost:3030","Accept-Encoding","gzip, deflate, br","Connection","keep-alive","Content-Length","64"],"trailers":{},"rawTrailers":[],"aborted":false,"upgrade":false,"url":"/auth/tokens","method":"POST","statusCode":null,"statusMessage":null,"client":{"connecting":false,"_hadError":false,"_parent":null,"_host":null,"_readableState":{"objectMode":false,"highWaterMark":16384,"buffer":{"head":null,"tail":null,"length":0},"length":0,"pipes":[],"flowing":true,"ended":false,"endEmitted":false,"reading":true,"sync":false,"needReadable":true,"emittedReadable":false,"readableListening":false,"resumeScheduled":false,"errorEmitted":false,"emitClose":false,"autoDestroy":false,"destroyed":false,"errored":null,"closed":false,"closeEmitted":false,"defaultEncoding":"utf8","awaitDrainWriters":null,"multiAwaitDrain":false,"readingMore":false,"decoder":null,"encoding":null},"_events":{"end":[null,null],"error":[null,null],"close":[null,null,null]},"_eventsCount":8,"_writableState":{"objectMode":false,"highWaterMark":16384,"finalCalled":false,"needDrain":false,"ending":false,"ended":false,"finished":false,"destroyed":false,"decodeStrings":false,"defaultEncoding":"utf8","length":0,"writing":false,"corked":0,"sync":true,"bufferProcessing":false,"writecb":null,"writelen":0,"afterWriteTickInfo":null,"buffered":[],"bufferedIndex":0,"allBuffers":true,"allNoop":true,"pendingcb":0,"prefinished":false,"errorEmitted":false,"emitClose":false,"autoDestroy":false,"errored":null,"closed":false,"closeEmitted":false},"allowHalfOpen":true,"_sockname":null,"_pendingData":null,"_pendingEncoding":"","server":{"_events":{},"_eventsCount":2,"_connections":2,"_handle":{"reading":false},"_usingWorkers":false,"_workers":[],"_unref":false,"allowHalfOpen":true,"pauseOnConnect":false,"httpAllowHalfOpen":false,"timeout":0,"keepAliveTimeout":5000,"maxHeadersCount":null,"headersTimeout":60000,"requestTimeout":0,"_connectionKey":"6::::3030"},"_server":{"_events":{},"_eventsCount":2,"_connections":2,"_handle":{"reading":false},"_usingWorkers":false,"_workers":[],"_unref":false,"allowHalfOpen":true,"pauseOnConnect":false,"httpAllowHalfOpen":false,"timeout":0,"keepAliveTimeout":5000,"maxHeadersCount":null,"headersTimeout":60000,"requestTimeout":0,"_connectionKey":"6::::3030"},"parser":{"_headers":[],"_url":"","socket":"[Circular]","incoming":"[Circular]","outgoing":null,"maxHeaderPairs":2000,"_consumed":true},"_paused":false,"_httpMessage":{"_events":{"finish":[null,null]},"_eventsCount":2,"outputData":[],"outputSize":0,"writable":true,"destroyed":false,"_last":false,"chunkedEncoding":false,"shouldKeepAlive":true,"_defaultKeepAlive":true,"useChunkedEncodingByDefault":true,"sendDate":true,"_removedConnection":false,"_removedContLen":false,"_removedTE":false,"_contentLength":null,"_hasBody":true,"_trailer":"","finished":false,"_headerSent":false,"socket":"[Circular]","_header":null,"_keepAliveTimeout":5000,"_sent100":false,"_expect_continue":false,"req":"[Circular]","locals":{}},"_peername":{"address":"::1","family":"IPv6","port":61009}},"_consuming":true,"_dumped":false,"baseUrl":"","originalUrl":"/auth/tokens","_parsedUrl":{"protocol":null,"slashes":null,"auth":null,"host":null,"port":null,"hostname":null,"hash":null,"search":null,"query":null,"pathname":"/auth/tokens","path":"/auth/tokens","href":"/auth/tokens","_raw":"/auth/tokens"},"params":{},"query":{},"res":{"_events":{"finish":[null,null]},"_eventsCount":2,"outputData":[],"outputSize":0,"writable":true,"destroyed":false,"_last":false,"chunkedEncoding":false,"shouldKeepAlive":true,"_defaultKeepAlive":true,"useChunkedEncodingByDefault":true,"sendDate":true,"_removedConnection":false,"_removedContLen":false,"_removedTE":false,"_contentLength":null,"_hasBody":true,"_trailer":"","finished":false,"_headerSent":false,"socket":"[Circular]","_header":null,"_keepAliveTimeout":5000,"_sent100":false,"_expect_continue":false,"req":"[Circular]","locals":{}},"_startAt":[270429,959548854],"_startTime":"2021-03-29T21:19:57.017Z","_remoteAddress":"::1","body":{"email":"mm.mouse@disney.com","password":"123456"},"_body":true},"level":"info","service":"myAwesomeApp"}
{"module":"connectDB","message":"jwt key: igd7kigpoemiz30s30pn6q4ncbh5s0","level":"info","service":"myAwesomeApp"}
{"module":"expressApp","message":"The running environment is: development","level":"info","service":"myAwesomeApp"}
{"module":"expressApp","message":"The running environment is: development","level":"warn","service":"myAwesomeApp"}
{"module":"connectDB","message":"Successfully connected to MongoDB ...","level":"info","service":"myAwesomeApp"}
{"module":"connectDB","message":"jwt key: igd7kigpoemiz30s30pn6q4ncbh5s0","level":"info","service":"myAwesomeApp"}
{"module":"expressApp","message":"The running environment is: development","level":"info","service":"myAwesomeApp"}
{"module":"expressApp","message":"The running environment is: development","level":"warn","service":"myAwesomeApp"}
{"module":"connectDB","message":"Successfully connected to MongoDB ...","level":"info","service":"myAwesomeApp"}
{"module":"connectDB","message":"jwt key: igd7kigpoemiz30s30pn6q4ncbh5s0","level":"info","service":"myAwesomeApp"}
{"module":"expressApp","message":"The running environment is: development","level":"info","service":"myAwesomeApp"}
{"module":"expressApp","message":"The running environment is: development","level":"warn","service":"myAwesomeApp"}
{"module":"connectDB","message":"Successfully connected to MongoDB ...","level":"info","service":"myAwesomeApp"}
{"module":"connectDB","message":"jwt key: igd7kigpoemiz30s30pn6q4ncbh5s0","level":"info","service":"myAwesomeApp"}
{"module":"expressApp","message":"The running environment is: development","level":"info","service":"myAwesomeApp"}
{"module":"expressApp","message":"The running environment is: development","level":"warn","service":"myAwesomeApp"}
{"module":"connectDB","message":"Successfully connected to MongoDB ...","level":"info","service":"myAwesomeApp"}
{"module":"connectDB","message":"jwt key: igd7kigpoemiz30s30pn6q4ncbh5s0","level":"info","service":"myAwesomeApp"}
{"module":"expressApp","message":"The running environment is: development","level":"info","service":"myAwesomeApp"}
{"module":"expressApp","message":"The running environment is: development","level":"warn","service":"myAwesomeApp"}
{"module":"connectDB","message":"Successfully connected to MongoDB ...","level":"info","service":"myAwesomeApp"}
